Using pre-set license
Built from '2021.3/staging' branch; Version is '2021.3.11f1 (0a5ca18544bf) revision 679073'; Using compiler version '192829333'; Build Type 'Release'
OS: 'Windows 11  (10.0.22000) 64bit Core' Language: 'en' Physical Memory: 16085 MB
BatchMode: 1, IsHumanControllingUs: 0, StartBugReporterOnCrash: 0, Is64bit: 1, IsPro: 1

COMMAND LINE ARGUMENTS:
C:\Program Files\Unity\Hub\Editor\2021.3.11f1\Editor\Unity.exe
-adb2
-batchMode
-noUpm
-name
AssetImportWorker0
-projectPath
C:/Users/azapa/OneDrive/Documents/GitHub/Bloom-Box
-logFile
Logs/AssetImportWorker0.log
-srvPort
56412
Successfully changed project path to: C:/Users/azapa/OneDrive/Documents/GitHub/Bloom-Box
C:/Users/azapa/OneDrive/Documents/GitHub/Bloom-Box
[UnityMemory] Configuration Parameters - Can be set up in boot.config
    "memorysetup-bucket-allocator-granularity=16"
    "memorysetup-bucket-allocator-bucket-count=8"
    "memorysetup-bucket-allocator-block-size=33554432"
    "memorysetup-bucket-allocator-block-count=8"
    "memorysetup-main-allocator-block-size=16777216"
    "memorysetup-thread-allocator-block-size=16777216"
    "memorysetup-gfx-main-allocator-block-size=16777216"
    "memorysetup-gfx-thread-allocator-block-size=16777216"
    "memorysetup-cache-allocator-block-size=4194304"
    "memorysetup-typetree-allocator-block-size=2097152"
    "memorysetup-profiler-bucket-allocator-granularity=16"
    "memorysetup-profiler-bucket-allocator-bucket-count=8"
    "memorysetup-profiler-bucket-allocator-block-size=33554432"
    "memorysetup-profiler-bucket-allocator-block-count=8"
    "memorysetup-profiler-allocator-block-size=16777216"
    "memorysetup-profiler-editor-allocator-block-size=1048576"
    "memorysetup-temp-allocator-size-main=16777216"
    "memorysetup-job-temp-allocator-block-size=2097152"
    "memorysetup-job-temp-allocator-block-size-background=1048576"
    "memorysetup-job-temp-allocator-reduction-small-platforms=262144"
    "memorysetup-temp-allocator-size-background-worker=32768"
    "memorysetup-temp-allocator-size-job-worker=262144"
    "memorysetup-temp-allocator-size-preload-manager=33554432"
    "memorysetup-temp-allocator-size-nav-mesh-worker=65536"
    "memorysetup-temp-allocator-size-audio-worker=65536"
    "memorysetup-temp-allocator-size-cloud-worker=32768"
    "memorysetup-temp-allocator-size-gi-baking-worker=262144"
    "memorysetup-temp-allocator-size-gfx=262144"
Refreshing native plugins compatible for Editor in 22.30 ms, found 0 plugins.
Preloading 0 native plugins for Editor in 0.00 ms.
Initialize engine version: 2021.3.11f1 (0a5ca18544bf)
[Subsystems] Discovering subsystems at path C:/Program Files/Unity/Hub/Editor/2021.3.11f1/Editor/Data/Resources/UnitySubsystems
[Subsystems] Discovering subsystems at path C:/Users/azapa/OneDrive/Documents/GitHub/Bloom-Box/Assets
GfxDevice: creating device client; threaded=0; jobified=0
Direct3D:
    Version:  Direct3D 11.0 [level 11.1]
    Renderer: NVIDIA GeForce RTX 3060 Laptop GPU (ID=0x2520)
    Vendor:   NVIDIA
    VRAM:     6023 MB
    Driver:   30.0.15.1215
Initialize mono
Mono path[0] = 'C:/Program Files/Unity/Hub/Editor/2021.3.11f1/Editor/Data/Managed'
Mono path[1] = 'C:/Program Files/Unity/Hub/Editor/2021.3.11f1/Editor/Data/MonoBleedingEdge/lib/mono/unityjit-win32'
Mono config path = 'C:/Program Files/Unity/Hub/Editor/2021.3.11f1/Editor/Data/MonoBleedingEdge/etc'
Using monoOptions --debugger-agent=transport=dt_socket,embedding=1,server=y,suspend=n,address=127.0.0.1:56792
Begin MonoManager ReloadAssembly
Registering precompiled unity dll's ...
Register platform support module: C:/Program Files/Unity/Hub/Editor/2021.3.11f1/Editor/Data/PlaybackEngines/AndroidPlayer/UnityEditor.Android.Extensions.dll
Register platform support module: C:/Program Files/Unity/Hub/Editor/2021.3.11f1/Editor/Data/PlaybackEngines/WindowsStandaloneSupport/UnityEditor.WindowsStandalone.Extensions.dll
Registered in 0.320269 seconds.
Native extension for WindowsStandalone target not found
Native extension for Android target not found
Refreshing native plugins compatible for Editor in 12.66 ms, found 0 plugins.
Preloading 0 native plugins for Editor in 0.00 ms.
Mono: successfully reloaded assembly
- Completed reload, in  4.665 seconds
Domain Reload Profiling:
	ReloadAssembly (4665ms)
		BeginReloadAssembly (3699ms)
			ExecutionOrderSort (0ms)
			DisableScriptedObjects (0ms)
			BackupInstance (0ms)
			ReleaseScriptingObjects (0ms)
			CreateAndSetChildDomain (1ms)
		EndReloadAssembly (555ms)
			LoadAssemblies (3697ms)
			RebuildTransferFunctionScriptingTraits (0ms)
			SetupTypeCache (315ms)
			ReleaseScriptCaches (0ms)
			RebuildScriptCaches (21ms)
			SetupLoadedEditorAssemblies (179ms)
				LogAssemblyErrors (0ms)
				InitializePlatformSupportModulesInManaged (52ms)
				SetLoadedEditorAssemblies (0ms)
				RefreshPlugins (13ms)
				BeforeProcessingInitializeOnLoad (1ms)
				ProcessInitializeOnLoadAttributes (75ms)
				ProcessInitializeOnLoadMethodAttributes (37ms)
				AfterProcessingInitializeOnLoad (0ms)
				EditorAssembliesLoaded (0ms)
			ExecutionOrderSort2 (0ms)
			AwakeInstancesAfterBackupRestoration (0ms)
Platform modules already initialized, skipping
Registering precompiled user dll's ...
Registered in 0.000334 seconds.
Android Extension - Scanning For ADB Devices 4878 ms
Begin MonoManager ReloadAssembly
Native extension for WindowsStandalone target not found
Native extension for Android target not found
Refreshing native plugins compatible for Editor in 0.18 ms, found 0 plugins.
Preloading 0 native plugins for Editor in 0.00 ms.
Mono: successfully reloaded assembly
- Completed reload, in  1.709 seconds
Domain Reload Profiling:
	ReloadAssembly (1710ms)
		BeginReloadAssembly (125ms)
			ExecutionOrderSort (0ms)
			DisableScriptedObjects (7ms)
			BackupInstance (0ms)
			ReleaseScriptingObjects (0ms)
			CreateAndSetChildDomain (22ms)
		EndReloadAssembly (1458ms)
			LoadAssemblies (1043ms)
			RebuildTransferFunctionScriptingTraits (0ms)
			SetupTypeCache (132ms)
			ReleaseScriptCaches (0ms)
			RebuildScriptCaches (44ms)
			SetupLoadedEditorAssemblies (204ms)
				LogAssemblyErrors (0ms)
				InitializePlatformSupportModulesInManaged (17ms)
				SetLoadedEditorAssemblies (0ms)
				RefreshPlugins (0ms)
				BeforeProcessingInitializeOnLoad (41ms)
				ProcessInitializeOnLoadAttributes (118ms)
				ProcessInitializeOnLoadMethodAttributes (21ms)
				AfterProcessingInitializeOnLoad (7ms)
				EditorAssembliesLoaded (0ms)
			ExecutionOrderSort2 (0ms)
			AwakeInstancesAfterBackupRestoration (6ms)
Platform modules already initialized, skipping
========================================================================
Worker process is ready to serve import requests
Launched and connected shader compiler UnityShaderCompiler.exe after 0.04 seconds
Refreshing native plugins compatible for Editor in 0.15 ms, found 0 plugins.
Preloading 0 native plugins for Editor in 0.00 ms.
Unloading 946 Unused Serialized files (Serialized files now loaded: 0)
Unloading 9 unused Assets / (56.6 KB). Loaded Objects now: 1424.
Memory consumption went from 49.4 MB to 49.4 MB.
Total: 2.318500 ms (FindLiveObjects: 0.098900 ms CreateObjectMapping: 0.026800 ms MarkObjects: 2.120300 ms  DeleteObjects: 0.071600 ms)

AssetImportParameters requested are different than current active one (requested -> active):
  custom:video-decoder-ogg-theora: a1e56fd34408186e4bbccfd4996cb3dc -> 
  custom:container-muxer-webm: aa71ff27fc2769a1b78a27578f13a17b -> 
  custom:container-demuxer-webm: 4f35f7cbe854078d1ac9338744f61a02 -> 
  custom:video-encoder-webm-vp8: eb34c28f22e8b96e1ab97ce403110664 -> 
  custom:audio-encoder-webm-vorbis: bf7c407c2cedff20999df2af8eb42d56 -> 
  custom:framework-win-MediaFoundation: 216162199b28c13a410421893ffa2e32 -> 
  custom:container-demuxer-ogg: 62fdf1f143b41e24485cea50d1cbac27 -> 
  custom:video-decoder-webm-vp8: 9c59270c3fd7afecdb556c50c9e8de78 -> 
  custom:audio-decoder-ogg-vorbis: bf7c407c2cedff20999df2af8eb42d56 -> 
========================================================================
Received Import Request.
  Time since last request: 596473.819732 seconds.
  path: Assets/Resources/LevelFiles/Level26data.asset
  artifactKey: Guid(1a7efda006d25b74396b7391d2762b31) Importer(815301076,1909f56bfc062723c751e8b465ee728b)
Start importing Assets/Resources/LevelFiles/Level26data.asset using Guid(1a7efda006d25b74396b7391d2762b31) Importer(815301076,1909f56bfc062723c751e8b465ee728b)  -> (artifact id: 'f5442db5ac4489e313e3c92b5836a389') in 0.121630 seconds 
========================================================================
Received Import Request.
  Time since last request: 40.126252 seconds.
  path: Assets/Resources/Frame.prefab
  artifactKey: Guid(13bc036df8d9ddf4c81a4c62a3fffaf3) Importer(815301076,1909f56bfc062723c751e8b465ee728b)
Start importing Assets/Resources/Frame.prefab using Guid(13bc036df8d9ddf4c81a4c62a3fffaf3) Importer(815301076,1909f56bfc062723c751e8b465ee728b)  -> (artifact id: 'ec1c14a50b6a47d71a42583e859ca01f') in 0.150758 seconds 
========================================================================
Received Import Request.
  Time since last request: 0.000024 seconds.
  path: Assets/Resources/PrevScene.asset
  artifactKey: Guid(625ba0871381fff46b160dfb5d2c125b) Importer(815301076,1909f56bfc062723c751e8b465ee728b)
Start importing Assets/Resources/PrevScene.asset using Guid(625ba0871381fff46b160dfb5d2c125b) Importer(815301076,1909f56bfc062723c751e8b465ee728b)  -> (artifact id: '8c169f9cd140ba2e3d793735cd66808a') in 0.007979 seconds 
========================================================================
Received Import Request.
  Time since last request: 0.000030 seconds.
  path: Assets/Resources/WindUp.prefab
  artifactKey: Guid(c4206a5ae7bf67d42b447b021567375c) Importer(815301076,1909f56bfc062723c751e8b465ee728b)
Start importing Assets/Resources/WindUp.prefab using Guid(c4206a5ae7bf67d42b447b021567375c) Importer(815301076,1909f56bfc062723c751e8b465ee728b)  -> (artifact id: '5e6e1ff5a8d7439e7015e3cc9ec1ba6d') in 0.016046 seconds 
========================================================================
Received Import Request.
  Time since last request: 0.000024 seconds.
  path: Assets/Resources/WindRight.prefab
  artifactKey: Guid(9d212dce77ddcd54c88d44b1595165f7) Importer(815301076,1909f56bfc062723c751e8b465ee728b)
Start importing Assets/Resources/WindRight.prefab using Guid(9d212dce77ddcd54c88d44b1595165f7) Importer(815301076,1909f56bfc062723c751e8b465ee728b)  -> (artifact id: '489d42538450485d79f8752c48d29b4f') in 0.013526 seconds 
========================================================================
Received Import Request.
  Time since last request: 0.000018 seconds.
  path: Assets/Resources/Settings.asset
  artifactKey: Guid(88cbc6e85d044a343ab5bf2ddff29c73) Importer(815301076,1909f56bfc062723c751e8b465ee728b)
Start importing Assets/Resources/Settings.asset using Guid(88cbc6e85d044a343ab5bf2ddff29c73) Importer(815301076,1909f56bfc062723c751e8b465ee728b)  -> (artifact id: 'd1d914e9b7e7ca40d17753788444a408') in 0.013468 seconds 
========================================================================
Received Import Request.
  Time since last request: 0.000022 seconds.
  path: Assets/Resources/Paint.prefab
  artifactKey: Guid(634bb26f7eea3d94a8c842a50df4d118) Importer(815301076,1909f56bfc062723c751e8b465ee728b)
Start importing Assets/Resources/Paint.prefab using Guid(634bb26f7eea3d94a8c842a50df4d118) Importer(815301076,1909f56bfc062723c751e8b465ee728b)  -> (artifact id: '5d7e01e3830990710ec1b7dd1f2a7b15') in 0.017259 seconds 
========================================================================
Received Import Request.
  Time since last request: 0.000019 seconds.
  path: Assets/Resources/RainbowPaint.prefab
  artifactKey: Guid(a2488022bc8c11b489c083f320b6f0af) Importer(815301076,1909f56bfc062723c751e8b465ee728b)
Start importing Assets/Resources/RainbowPaint.prefab using Guid(a2488022bc8c11b489c083f320b6f0af) Importer(815301076,1909f56bfc062723c751e8b465ee728b)  -> (artifact id: '7f8ba2d8d6cc9bfaa4b243caaab54a47') in 0.015999 seconds 
========================================================================
Received Import Request.
  Time since last request: 0.000020 seconds.
  path: Assets/Resources/RotateRight.prefab
  artifactKey: Guid(4c36cc20f5245314e9c42bbe0b69f99f) Importer(815301076,1909f56bfc062723c751e8b465ee728b)
Start importing Assets/Resources/RotateRight.prefab using Guid(4c36cc20f5245314e9c42bbe0b69f99f) Importer(815301076,1909f56bfc062723c751e8b465ee728b)  -> (artifact id: '9428ea52d8e3294ebfd734ea5847f3b3') in 0.016207 seconds 
========================================================================
Received Import Request.
  Time since last request: 0.000019 seconds.
  path: Assets/Resources/WindDown.prefab
  artifactKey: Guid(f10a7b06051281342b88694f38aae92d) Importer(815301076,1909f56bfc062723c751e8b465ee728b)
Start importing Assets/Resources/WindDown.prefab using Guid(f10a7b06051281342b88694f38aae92d) Importer(815301076,1909f56bfc062723c751e8b465ee728b)  -> (artifact id: '40ba0500efc9cf0369d97b25e937598d') in 0.014508 seconds 
========================================================================
Received Import Request.
  Time since last request: 0.000017 seconds.
  path: Assets/Resources/WindLeft.prefab
  artifactKey: Guid(07968eae74340204782f3af0c97164d3) Importer(815301076,1909f56bfc062723c751e8b465ee728b)
Start importing Assets/Resources/WindLeft.prefab using Guid(07968eae74340204782f3af0c97164d3) Importer(815301076,1909f56bfc062723c751e8b465ee728b)  -> (artifact id: '6b2c36c442f06fce39e06c88bf4c7b12') in 0.016898 seconds 
Editor requested this worker to shutdown with reason: Scaling down because of idle timeout
AssetImportWorker is now disconnected from the server
Process exiting
Exiting without the bug reporter. Application will terminate with return code 0