Using pre-set license
Built from '2021.3/staging' branch; Version is '2021.3.11f1 (0a5ca18544bf) revision 679073'; Using compiler version '192829333'; Build Type 'Release'
OS: 'Windows 11  (10.0.22000) 64bit Core' Language: 'en' Physical Memory: 16085 MB
BatchMode: 1, IsHumanControllingUs: 0, StartBugReporterOnCrash: 0, Is64bit: 1, IsPro: 1

COMMAND LINE ARGUMENTS:
C:\Program Files\Unity\Hub\Editor\2021.3.11f1\Editor\Unity.exe
-adb2
-batchMode
-noUpm
-name
AssetImportWorker0
-projectPath
C:/Users/azapa/OneDrive/Documents/GitHub/Bloom-Box
-logFile
Logs/AssetImportWorker0.log
-srvPort
61710
Successfully changed project path to: C:/Users/azapa/OneDrive/Documents/GitHub/Bloom-Box
C:/Users/azapa/OneDrive/Documents/GitHub/Bloom-Box
[UnityMemory] Configuration Parameters - Can be set up in boot.config
    "memorysetup-bucket-allocator-granularity=16"
    "memorysetup-bucket-allocator-bucket-count=8"
    "memorysetup-bucket-allocator-block-size=33554432"
    "memorysetup-bucket-allocator-block-count=8"
    "memorysetup-main-allocator-block-size=16777216"
    "memorysetup-thread-allocator-block-size=16777216"
    "memorysetup-gfx-main-allocator-block-size=16777216"
    "memorysetup-gfx-thread-allocator-block-size=16777216"
    "memorysetup-cache-allocator-block-size=4194304"
    "memorysetup-typetree-allocator-block-size=2097152"
    "memorysetup-profiler-bucket-allocator-granularity=16"
    "memorysetup-profiler-bucket-allocator-bucket-count=8"
    "memorysetup-profiler-bucket-allocator-block-size=33554432"
    "memorysetup-profiler-bucket-allocator-block-count=8"
    "memorysetup-profiler-allocator-block-size=16777216"
    "memorysetup-profiler-editor-allocator-block-size=1048576"
    "memorysetup-temp-allocator-size-main=16777216"
    "memorysetup-job-temp-allocator-block-size=2097152"
    "memorysetup-job-temp-allocator-block-size-background=1048576"
    "memorysetup-job-temp-allocator-reduction-small-platforms=262144"
    "memorysetup-temp-allocator-size-background-worker=32768"
    "memorysetup-temp-allocator-size-job-worker=262144"
    "memorysetup-temp-allocator-size-preload-manager=33554432"
    "memorysetup-temp-allocator-size-nav-mesh-worker=65536"
    "memorysetup-temp-allocator-size-audio-worker=65536"
    "memorysetup-temp-allocator-size-cloud-worker=32768"
    "memorysetup-temp-allocator-size-gi-baking-worker=262144"
    "memorysetup-temp-allocator-size-gfx=262144"
Refreshing native plugins compatible for Editor in 18.18 ms, found 0 plugins.
Preloading 0 native plugins for Editor in 0.00 ms.
Initialize engine version: 2021.3.11f1 (0a5ca18544bf)
[Subsystems] Discovering subsystems at path C:/Program Files/Unity/Hub/Editor/2021.3.11f1/Editor/Data/Resources/UnitySubsystems
[Subsystems] Discovering subsystems at path C:/Users/azapa/OneDrive/Documents/GitHub/Bloom-Box/Assets
GfxDevice: creating device client; threaded=0; jobified=0
Direct3D:
    Version:  Direct3D 11.0 [level 11.1]
    Renderer: NVIDIA GeForce RTX 3060 Laptop GPU (ID=0x2520)
    Vendor:   NVIDIA
    VRAM:     6023 MB
    Driver:   30.0.15.1215
Initialize mono
Mono path[0] = 'C:/Program Files/Unity/Hub/Editor/2021.3.11f1/Editor/Data/Managed'
Mono path[1] = 'C:/Program Files/Unity/Hub/Editor/2021.3.11f1/Editor/Data/MonoBleedingEdge/lib/mono/unityjit-win32'
Mono config path = 'C:/Program Files/Unity/Hub/Editor/2021.3.11f1/Editor/Data/MonoBleedingEdge/etc'
Using monoOptions --debugger-agent=transport=dt_socket,embedding=1,server=y,suspend=n,address=127.0.0.1:56452
Begin MonoManager ReloadAssembly
Registering precompiled unity dll's ...
Register platform support module: C:/Program Files/Unity/Hub/Editor/2021.3.11f1/Editor/Data/PlaybackEngines/AndroidPlayer/UnityEditor.Android.Extensions.dll
Register platform support module: C:/Program Files/Unity/Hub/Editor/2021.3.11f1/Editor/Data/PlaybackEngines/WindowsStandaloneSupport/UnityEditor.WindowsStandalone.Extensions.dll
Registered in 0.279041 seconds.
Native extension for WindowsStandalone target not found
Native extension for Android target not found
Refreshing native plugins compatible for Editor in 14.70 ms, found 0 plugins.
Preloading 0 native plugins for Editor in 0.00 ms.
Mono: successfully reloaded assembly
- Completed reload, in  5.004 seconds
Domain Reload Profiling:
	ReloadAssembly (5006ms)
		BeginReloadAssembly (4001ms)
			ExecutionOrderSort (0ms)
			DisableScriptedObjects (0ms)
			BackupInstance (0ms)
			ReleaseScriptingObjects (0ms)
			CreateAndSetChildDomain (1ms)
		EndReloadAssembly (631ms)
			LoadAssemblies (3995ms)
			RebuildTransferFunctionScriptingTraits (0ms)
			SetupTypeCache (368ms)
			ReleaseScriptCaches (0ms)
			RebuildScriptCaches (23ms)
			SetupLoadedEditorAssemblies (189ms)
				LogAssemblyErrors (0ms)
				InitializePlatformSupportModulesInManaged (46ms)
				SetLoadedEditorAssemblies (0ms)
				RefreshPlugins (15ms)
				BeforeProcessingInitializeOnLoad (1ms)
				ProcessInitializeOnLoadAttributes (86ms)
				ProcessInitializeOnLoadMethodAttributes (41ms)
				AfterProcessingInitializeOnLoad (0ms)
				EditorAssembliesLoaded (0ms)
			ExecutionOrderSort2 (0ms)
			AwakeInstancesAfterBackupRestoration (0ms)
Platform modules already initialized, skipping
Registering precompiled user dll's ...
Registered in 0.070125 seconds.
Begin MonoManager ReloadAssembly
Native extension for WindowsStandalone target not found
Native extension for Android target not found
Refreshing native plugins compatible for Editor in 0.14 ms, found 0 plugins.
Preloading 0 native plugins for Editor in 0.00 ms.
Mono: successfully reloaded assembly
- Completed reload, in  1.772 seconds
Domain Reload Profiling:
	ReloadAssembly (1773ms)
		BeginReloadAssembly (273ms)
			ExecutionOrderSort (0ms)
			DisableScriptedObjects (11ms)
			BackupInstance (0ms)
			ReleaseScriptingObjects (0ms)
			CreateAndSetChildDomain (152ms)
		EndReloadAssembly (1409ms)
			LoadAssemblies (1063ms)
			RebuildTransferFunctionScriptingTraits (0ms)
			SetupTypeCache (107ms)
			ReleaseScriptCaches (0ms)
			RebuildScriptCaches (40ms)
			SetupLoadedEditorAssemblies (170ms)
				LogAssemblyErrors (0ms)
				InitializePlatformSupportModulesInManaged (12ms)
				SetLoadedEditorAssemblies (0ms)
				RefreshPlugins (0ms)
				BeforeProcessingInitializeOnLoad (29ms)
				ProcessInitializeOnLoadAttributes (109ms)
				ProcessInitializeOnLoadMethodAttributes (15ms)
				AfterProcessingInitializeOnLoad (4ms)
				EditorAssembliesLoaded (0ms)
			ExecutionOrderSort2 (0ms)
			AwakeInstancesAfterBackupRestoration (5ms)
Platform modules already initialized, skipping
========================================================================
Worker process is ready to serve import requests
Launched and connected shader compiler UnityShaderCompiler.exe after 0.05 seconds
Refreshing native plugins compatible for Editor in 0.18 ms, found 0 plugins.
Preloading 0 native plugins for Editor in 0.00 ms.
Unloading 945 Unused Serialized files (Serialized files now loaded: 0)
Unloading 9 unused Assets / (56.6 KB). Loaded Objects now: 1423.
Memory consumption went from 49.2 MB to 49.1 MB.
Total: 2.643400 ms (FindLiveObjects: 0.129000 ms CreateObjectMapping: 0.026500 ms MarkObjects: 2.423500 ms  DeleteObjects: 0.063200 ms)

AssetImportParameters requested are different than current active one (requested -> active):
  custom:video-decoder-ogg-theora: a1e56fd34408186e4bbccfd4996cb3dc -> 
  custom:container-muxer-webm: aa71ff27fc2769a1b78a27578f13a17b -> 
  custom:container-demuxer-webm: 4f35f7cbe854078d1ac9338744f61a02 -> 
  custom:video-encoder-webm-vp8: eb34c28f22e8b96e1ab97ce403110664 -> 
  custom:audio-encoder-webm-vorbis: bf7c407c2cedff20999df2af8eb42d56 -> 
  custom:framework-win-MediaFoundation: 216162199b28c13a410421893ffa2e32 -> 
  custom:container-demuxer-ogg: 62fdf1f143b41e24485cea50d1cbac27 -> 
  custom:video-decoder-webm-vp8: 9c59270c3fd7afecdb556c50c9e8de78 -> 
  custom:audio-decoder-ogg-vorbis: bf7c407c2cedff20999df2af8eb42d56 -> 
========================================================================
Received Import Request.
  Time since last request: 509223.553552 seconds.
  path: Assets/Audio/SFX/PlaceSound.wav
  artifactKey: Guid(6bd8bc7b23183cb4e9c0429fbd7a40b3) Importer(2089858483,0ecaa5967403d082aa24f35e1b516d23)
Start importing Assets/Audio/SFX/PlaceSound.wav using Guid(6bd8bc7b23183cb4e9c0429fbd7a40b3) Importer(2089858483,0ecaa5967403d082aa24f35e1b516d23) Generated GUIDs only implemented for interfaces!
 -> (artifact id: '9b81b14db9c5fd277a27dabed0c4bf5e') in 0.732951 seconds 
========================================================================
Received Import Request.
  Time since last request: 0.000019 seconds.
  path: Assets/Resources/RotateLeft.prefab
  artifactKey: Guid(db93eb21a73b317489a1c52e31064ae9) Importer(2089858483,0ecaa5967403d082aa24f35e1b516d23)
Start importing Assets/Resources/RotateLeft.prefab using Guid(db93eb21a73b317489a1c52e31064ae9) Importer(2089858483,0ecaa5967403d082aa24f35e1b516d23) Generated GUIDs only implemented for interfaces!
 -> (artifact id: '47485be7f2032b48bca4a64d39965667') in 0.161206 seconds 
========================================================================
Received Import Request.
  Time since last request: 0.000025 seconds.
  path: Assets/Sprites/SqrBackground.png
  artifactKey: Guid(4d21cd3c94a3e674cbce6b947e94c801) Importer(2089858483,0ecaa5967403d082aa24f35e1b516d23)
Start importing Assets/Sprites/SqrBackground.png using Guid(4d21cd3c94a3e674cbce6b947e94c801) Importer(2089858483,0ecaa5967403d082aa24f35e1b516d23) Generated GUIDs only implemented for interfaces!
 -> (artifact id: '57d48ddb268257872d6d0ecb7886f009') in 0.128076 seconds 
========================================================================
Received Import Request.
  Time since last request: 0.000019 seconds.
  path: Assets/Audio/SFX/MatchD.wav
  artifactKey: Guid(d1b0dc7c9428aa643b587bd9c0da2121) Importer(2089858483,0ecaa5967403d082aa24f35e1b516d23)
Start importing Assets/Audio/SFX/MatchD.wav using Guid(d1b0dc7c9428aa643b587bd9c0da2121) Importer(2089858483,0ecaa5967403d082aa24f35e1b516d23) Generated GUIDs only implemented for interfaces!
 -> (artifact id: 'ec036d9813e95b88333d2422869d6e17') in 0.068631 seconds 
========================================================================
Received Import Request.
  Time since last request: 0.000017 seconds.
  path: Assets/Materials/Background.mat
  artifactKey: Guid(b2fd1f0b2c530e74c9bb8a5d41871e6c) Importer(2089858483,0ecaa5967403d082aa24f35e1b516d23)
Start importing Assets/Materials/Background.mat using Guid(b2fd1f0b2c530e74c9bb8a5d41871e6c) Importer(2089858483,0ecaa5967403d082aa24f35e1b516d23) Generated GUIDs only implemented for interfaces!
 -> (artifact id: 'd7022f809d7807f18dedad9b051e1110') in 0.110440 seconds 
========================================================================
Received Import Request.
  Time since last request: 0.003253 seconds.
  path: Assets/Audio/SFX/Success.wav
  artifactKey: Guid(be158d67bb1228445b6f107ff6c43200) Importer(2089858483,0ecaa5967403d082aa24f35e1b516d23)
Start importing Assets/Audio/SFX/Success.wav using Guid(be158d67bb1228445b6f107ff6c43200) Importer(2089858483,0ecaa5967403d082aa24f35e1b516d23) Generated GUIDs only implemented for interfaces!
 -> (artifact id: '4635092a2f4c4f29bd83fc2515ac0af4') in 0.079947 seconds 
========================================================================
Received Import Request.
  Time since last request: 0.000017 seconds.
  path: Assets/Resources/LevelFiles/Level8data.asset
  artifactKey: Guid(e45c75340b5fede4ca6a15f1927a266e) Importer(2089858483,0ecaa5967403d082aa24f35e1b516d23)
Start importing Assets/Resources/LevelFiles/Level8data.asset using Guid(e45c75340b5fede4ca6a15f1927a266e) Importer(2089858483,0ecaa5967403d082aa24f35e1b516d23) Generated GUIDs only implemented for interfaces!
 -> (artifact id: '8e78169ac44779983b0ffddee3e2368c') in 0.025879 seconds 
========================================================================
Received Import Request.
  Time since last request: 0.000029 seconds.
  path: Assets/Resources/Icon_Rotate-Clockwise.png
  artifactKey: Guid(5ed51dc550b96fa4ca0a2271f41b226d) Importer(2089858483,0ecaa5967403d082aa24f35e1b516d23)
Start importing Assets/Resources/Icon_Rotate-Clockwise.png using Guid(5ed51dc550b96fa4ca0a2271f41b226d) Importer(2089858483,0ecaa5967403d082aa24f35e1b516d23) Generated GUIDs only implemented for interfaces!
 -> (artifact id: '3b044f395a507c671517f7d6f8a1c402') in 0.028237 seconds 
========================================================================
Received Import Request.
  Time since last request: 0.000019 seconds.
  path: Assets/Resources/Icon_Paint-Brush.png
  artifactKey: Guid(512023d4980895a45bfc7b2d71d14015) Importer(2089858483,0ecaa5967403d082aa24f35e1b516d23)
Start importing Assets/Resources/Icon_Paint-Brush.png using Guid(512023d4980895a45bfc7b2d71d14015) Importer(2089858483,0ecaa5967403d082aa24f35e1b516d23) Generated GUIDs only implemented for interfaces!
 -> (artifact id: '64eb95143f05b8347503174568f512ce') in 0.024244 seconds 
========================================================================
Received Import Request.
  Time since last request: 0.000026 seconds.
  path: Assets/Scenes/MainScene.unity
  artifactKey: Guid(0b12511025378de44840db8f769e61ee) Importer(2089858483,0ecaa5967403d082aa24f35e1b516d23)
Start importing Assets/Scenes/MainScene.unity using Guid(0b12511025378de44840db8f769e61ee) Importer(2089858483,0ecaa5967403d082aa24f35e1b516d23) Generated GUIDs only implemented for interfaces!
 -> (artifact id: '24380296cb6c64b9558c6e51c5c0ca13') in 0.010691 seconds 
========================================================================
Received Import Request.
  Time since last request: 0.000018 seconds.
  path: Assets/Resources/Icon_Rotate-CounterClockwise.png
  artifactKey: Guid(ab9ebeded67ed294bb56d27ede1d3d08) Importer(2089858483,0ecaa5967403d082aa24f35e1b516d23)
Start importing Assets/Resources/Icon_Rotate-CounterClockwise.png using Guid(ab9ebeded67ed294bb56d27ede1d3d08) Importer(2089858483,0ecaa5967403d082aa24f35e1b516d23) Generated GUIDs only implemented for interfaces!
 -> (artifact id: 'f0353d2bed1bf404ff883d4c4e659b5a') in 0.022920 seconds 
========================================================================
Received Import Request.
  Time since last request: 0.000019 seconds.
  path: Assets/Resources/Icon_Paint-Rainbow.png
  artifactKey: Guid(311bc50359bf9e240bd6bf89b449bb7b) Importer(2089858483,0ecaa5967403d082aa24f35e1b516d23)
Start importing Assets/Resources/Icon_Paint-Rainbow.png using Guid(311bc50359bf9e240bd6bf89b449bb7b) Importer(2089858483,0ecaa5967403d082aa24f35e1b516d23) Generated GUIDs only implemented for interfaces!
 -> (artifact id: '3a7adca222ab0ddffe2100de788295e8') in 0.021520 seconds 
========================================================================
Received Import Request.
  Time since last request: 0.000031 seconds.
  path: Assets/Resources/WindLeft.prefab
  artifactKey: Guid(07968eae74340204782f3af0c97164d3) Importer(2089858483,0ecaa5967403d082aa24f35e1b516d23)
Start importing Assets/Resources/WindLeft.prefab using Guid(07968eae74340204782f3af0c97164d3) Importer(2089858483,0ecaa5967403d082aa24f35e1b516d23) Generated GUIDs only implemented for interfaces!
 -> (artifact id: '2ca29c2b881f224bf4c5dbdf156b6f3f') in 0.017138 seconds 
========================================================================
Received Import Request.
  Time since last request: 0.000017 seconds.
  path: Assets/Resources/LevelFiles/Level2data.asset
  artifactKey: Guid(1ecf4d2984fceb24ca558dd833607ae1) Importer(2089858483,0ecaa5967403d082aa24f35e1b516d23)
Start importing Assets/Resources/LevelFiles/Level2data.asset using Guid(1ecf4d2984fceb24ca558dd833607ae1) Importer(2089858483,0ecaa5967403d082aa24f35e1b516d23) Generated GUIDs only implemented for interfaces!
 -> (artifact id: 'f4769340e698702fb111729aa3af8b77') in 0.021312 seconds 
========================================================================
Received Import Request.
  Time since last request: 0.000039 seconds.
  path: Assets/Resources/Settings.asset
  artifactKey: Guid(88cbc6e85d044a343ab5bf2ddff29c73) Importer(2089858483,0ecaa5967403d082aa24f35e1b516d23)
Start importing Assets/Resources/Settings.asset using Guid(88cbc6e85d044a343ab5bf2ddff29c73) Importer(2089858483,0ecaa5967403d082aa24f35e1b516d23) Generated GUIDs only implemented for interfaces!
 -> (artifact id: '0a91d30a5fac795482b78f6109a8fe9f') in 0.023468 seconds 
========================================================================
Received Import Request.
  Time since last request: 0.000020 seconds.
  path: Assets/Resources/WindUp.prefab
  artifactKey: Guid(c4206a5ae7bf67d42b447b021567375c) Importer(2089858483,0ecaa5967403d082aa24f35e1b516d23)
Start importing Assets/Resources/WindUp.prefab using Guid(c4206a5ae7bf67d42b447b021567375c) Importer(2089858483,0ecaa5967403d082aa24f35e1b516d23) Generated GUIDs only implemented for interfaces!
 -> (artifact id: '38b9e8ca2f6958ec9e2d97a13ebfc494') in 0.041648 seconds 
========================================================================
Received Import Request.
  Time since last request: 0.000015 seconds.
  path: Assets/Resources/Petals/Petal_Rainbow-Top-Left.png
  artifactKey: Guid(99df88f76cf366045894d42a34b014b1) Importer(2089858483,0ecaa5967403d082aa24f35e1b516d23)
Start importing Assets/Resources/Petals/Petal_Rainbow-Top-Left.png using Guid(99df88f76cf366045894d42a34b014b1) Importer(2089858483,0ecaa5967403d082aa24f35e1b516d23) Generated GUIDs only implemented for interfaces!
 -> (artifact id: '26102b011ef2c3b1c5d3d861fb539381') in 0.022142 seconds 
========================================================================
Received Import Request.
  Time since last request: 0.000017 seconds.
  path: Assets/Resources/Petals/Petal_White-Top-Right.png
  artifactKey: Guid(3617ebf624bc58c4ea0b54611ff0d8cf) Importer(2089858483,0ecaa5967403d082aa24f35e1b516d23)
Start importing Assets/Resources/Petals/Petal_White-Top-Right.png using Guid(3617ebf624bc58c4ea0b54611ff0d8cf) Importer(2089858483,0ecaa5967403d082aa24f35e1b516d23) Generated GUIDs only implemented for interfaces!
 -> (artifact id: '8dc9f22f5b5540e32db50b6db21c6ce4') in 0.019291 seconds 
========================================================================
Received Import Request.
  Time since last request: 0.000017 seconds.
  path: Assets/Scripts/ScriptableObjects/PlaySettings.cs
  artifactKey: Guid(015f360bc6da5e6449bdfbd13042f4cb) Importer(2089858483,0ecaa5967403d082aa24f35e1b516d23)
Start importing Assets/Scripts/ScriptableObjects/PlaySettings.cs using Guid(015f360bc6da5e6449bdfbd13042f4cb) Importer(2089858483,0ecaa5967403d082aa24f35e1b516d23) Generated GUIDs only implemented for interfaces!
 -> (artifact id: '8464f59761ad64834e6807f74ece738a') in 0.023758 seconds 
========================================================================
Received Import Request.
  Time since last request: 0.000019 seconds.
  path: Assets/Scripts/Gameplay/PaintBrush.cs
  artifactKey: Guid(35c4af1e9ec09204ba9b976ccebbde20) Importer(2089858483,0ecaa5967403d082aa24f35e1b516d23)
Start importing Assets/Scripts/Gameplay/PaintBrush.cs using Guid(35c4af1e9ec09204ba9b976ccebbde20) Importer(2089858483,0ecaa5967403d082aa24f35e1b516d23) Generated GUIDs only implemented for interfaces!
 -> (artifact id: '952aa23160d546545aeb8fb8d44a4014') in 0.016148 seconds 
========================================================================
Received Import Request.
  Time since last request: 0.000018 seconds.
  path: Assets/Scripts/Gameplay/Cell.cs
  artifactKey: Guid(4c3b1e4ed923be447a159fced39e9a21) Importer(2089858483,0ecaa5967403d082aa24f35e1b516d23)
Start importing Assets/Scripts/Gameplay/Cell.cs using Guid(4c3b1e4ed923be447a159fced39e9a21) Importer(2089858483,0ecaa5967403d082aa24f35e1b516d23) Generated GUIDs only implemented for interfaces!
 -> (artifact id: '57dbafc1e48546930016f1ec80c191ca') in 0.013655 seconds 
========================================================================
Received Import Request.
  Time since last request: 0.000041 seconds.
  path: Assets/Scripts/UI/LevelSelect.cs
  artifactKey: Guid(2282e15a701df4c4f9462b68270fa598) Importer(2089858483,0ecaa5967403d082aa24f35e1b516d23)
Start importing Assets/Scripts/UI/LevelSelect.cs using Guid(2282e15a701df4c4f9462b68270fa598) Importer(2089858483,0ecaa5967403d082aa24f35e1b516d23) Generated GUIDs only implemented for interfaces!
 -> (artifact id: '6db51447ba0ad4d350fe2034cfdcdc21') in 0.011472 seconds 
========================================================================
Received Import Request.
  Time since last request: 0.000026 seconds.
  path: Assets/Scripts/UI/LevelSelectSquare.cs
  artifactKey: Guid(d5c41f9284a5621428c90d16099c7fa4) Importer(2089858483,0ecaa5967403d082aa24f35e1b516d23)
Start importing Assets/Scripts/UI/LevelSelectSquare.cs using Guid(d5c41f9284a5621428c90d16099c7fa4) Importer(2089858483,0ecaa5967403d082aa24f35e1b516d23) Generated GUIDs only implemented for interfaces!
 -> (artifact id: 'a33d833e52beaa11fcab58ecb38278fb') in 0.012302 seconds 
========================================================================
Received Import Request.
  Time since last request: 0.000030 seconds.
  path: Assets/Resources/Petals/Petal_White-Bottom-Right.png
  artifactKey: Guid(24e818904ee00ac4e8a2c1d583b95750) Importer(2089858483,0ecaa5967403d082aa24f35e1b516d23)
Start importing Assets/Resources/Petals/Petal_White-Bottom-Right.png using Guid(24e818904ee00ac4e8a2c1d583b95750) Importer(2089858483,0ecaa5967403d082aa24f35e1b516d23) Generated GUIDs only implemented for interfaces!
 -> (artifact id: 'a2349ba818aa182cfb5502c231e88da0') in 0.027246 seconds 
========================================================================
Received Import Request.
  Time since last request: 0.000028 seconds.
  path: Assets/Sprites/HUD_Flower-Holder_Inverted.png
  artifactKey: Guid(1f3b683f31cfc60479eee20e0c043a0a) Importer(2089858483,0ecaa5967403d082aa24f35e1b516d23)
Start importing Assets/Sprites/HUD_Flower-Holder_Inverted.png using Guid(1f3b683f31cfc60479eee20e0c043a0a) Importer(2089858483,0ecaa5967403d082aa24f35e1b516d23) Generated GUIDs only implemented for interfaces!
 -> (artifact id: '5c36543cbbd8e2344c9c089c5ce01cdc') in 0.027608 seconds 
========================================================================
Received Import Request.
  Time since last request: 0.000021 seconds.
  path: Assets/Sprites/kofi_s_tag_dark.png
  artifactKey: Guid(f75212f0a7989a74fa897eb026d18327) Importer(2089858483,0ecaa5967403d082aa24f35e1b516d23)
Start importing Assets/Sprites/kofi_s_tag_dark.png using Guid(f75212f0a7989a74fa897eb026d18327) Importer(2089858483,0ecaa5967403d082aa24f35e1b516d23) Generated GUIDs only implemented for interfaces!
 -> (artifact id: 'd5e784f1ae92a8e62ae450193afd9216') in 0.025267 seconds 
========================================================================
Received Import Request.
  Time since last request: 0.000024 seconds.
  path: Assets/Resources/Petals/Petal_Rainbow-Top-Right.png
  artifactKey: Guid(b2006f69c441f8848bf175bb5922c369) Importer(2089858483,0ecaa5967403d082aa24f35e1b516d23)
Start importing Assets/Resources/Petals/Petal_Rainbow-Top-Right.png using Guid(b2006f69c441f8848bf175bb5922c369) Importer(2089858483,0ecaa5967403d082aa24f35e1b516d23) Generated GUIDs only implemented for interfaces!
 -> (artifact id: '049b30a69d5582873df1ea139775d67d') in 0.025477 seconds 
========================================================================
Received Import Request.
  Time since last request: 0.000019 seconds.
  path: Assets/Resources/Icon_Wind-Blow-Down.png
  artifactKey: Guid(e22305d925ea5304fb60938837a20731) Importer(2089858483,0ecaa5967403d082aa24f35e1b516d23)
Start importing Assets/Resources/Icon_Wind-Blow-Down.png using Guid(e22305d925ea5304fb60938837a20731) Importer(2089858483,0ecaa5967403d082aa24f35e1b516d23) Generated GUIDs only implemented for interfaces!
 -> (artifact id: '66fbebb4658f1359ac1b4042b9c10749') in 0.025741 seconds 
========================================================================
Received Import Request.
  Time since last request: 0.000016 seconds.
  path: Assets/Resources/LevelFiles/Level15data.asset
  artifactKey: Guid(39dc4da86c8734d45b2ebe3078ab0a8a) Importer(2089858483,0ecaa5967403d082aa24f35e1b516d23)
Start importing Assets/Resources/LevelFiles/Level15data.asset using Guid(39dc4da86c8734d45b2ebe3078ab0a8a) Importer(2089858483,0ecaa5967403d082aa24f35e1b516d23) Generated GUIDs only implemented for interfaces!
 -> (artifact id: 'b2c111951a6417d00c95f4683fb452c2') in 0.012003 seconds 
========================================================================
Received Import Request.
  Time since last request: 0.000018 seconds.
  path: Assets/Resources/LevelFiles/Level10data.asset
  artifactKey: Guid(7abf34410b0c8e847858b006e4059a24) Importer(2089858483,0ecaa5967403d082aa24f35e1b516d23)
Start importing Assets/Resources/LevelFiles/Level10data.asset using Guid(7abf34410b0c8e847858b006e4059a24) Importer(2089858483,0ecaa5967403d082aa24f35e1b516d23) Generated GUIDs only implemented for interfaces!
 -> (artifact id: '63350cbca1e0c06adc99bf2e6ec20dc3') in 0.010498 seconds 
========================================================================
Received Import Request.
  Time since last request: 0.000022 seconds.
  path: Assets/Resources/LevelFiles/Level24data.asset
  artifactKey: Guid(d832de2e04427234092e06c49386a43c) Importer(2089858483,0ecaa5967403d082aa24f35e1b516d23)
Start importing Assets/Resources/LevelFiles/Level24data.asset using Guid(d832de2e04427234092e06c49386a43c) Importer(2089858483,0ecaa5967403d082aa24f35e1b516d23) Generated GUIDs only implemented for interfaces!
 -> (artifact id: '6dcf91e01748431fd562945214c3f3f9') in 0.011650 seconds 
========================================================================
Received Import Request.
  Time since last request: 0.000023 seconds.
  path: Assets/Scripts/Gameplay/PlayButtons.cs
  artifactKey: Guid(6d575915ea384e94e87a5f8ca92a4af4) Importer(2089858483,0ecaa5967403d082aa24f35e1b516d23)
Start importing Assets/Scripts/Gameplay/PlayButtons.cs using Guid(6d575915ea384e94e87a5f8ca92a4af4) Importer(2089858483,0ecaa5967403d082aa24f35e1b516d23) Generated GUIDs only implemented for interfaces!
 -> (artifact id: '0203f6d8fd90c432d5c4bf545cb8242d') in 0.010878 seconds 
========================================================================
Received Import Request.
  Time since last request: 0.000041 seconds.
  path: Assets/Resources/Petals/Petal_White-Top-Left.png
  artifactKey: Guid(d32e399f561a2284da1a1b3bbcf1dd93) Importer(2089858483,0ecaa5967403d082aa24f35e1b516d23)
Start importing Assets/Resources/Petals/Petal_White-Top-Left.png using Guid(d32e399f561a2284da1a1b3bbcf1dd93) Importer(2089858483,0ecaa5967403d082aa24f35e1b516d23) Generated GUIDs only implemented for interfaces!
 -> (artifact id: 'baeadc12c33497b43e495eddfa54adaa') in 0.047947 seconds 
========================================================================
Received Import Request.
  Time since last request: 0.000035 seconds.
  path: Assets/Resources/Petals/Petal_Rainbow-Bottom-Right.png
  artifactKey: Guid(d033808b19e5af74f8499c5b70aaced1) Importer(2089858483,0ecaa5967403d082aa24f35e1b516d23)
Start importing Assets/Resources/Petals/Petal_Rainbow-Bottom-Right.png using Guid(d033808b19e5af74f8499c5b70aaced1) Importer(2089858483,0ecaa5967403d082aa24f35e1b516d23) Generated GUIDs only implemented for interfaces!
 -> (artifact id: '9683df0c0d7e0583625e5e8d814398fe') in 0.033964 seconds 
Editor requested this worker to shutdown with reason: Scaling down because of idle timeout
AssetImportWorker is now disconnected from the server
Process exiting
Exiting without the bug reporter. Application will terminate with return code 0